13:17:12 **** Incremental Build of configuration Default for project Project_template ****
make all 
[1;34mCompiling main.c[0m
[1;34mLinking build/Project_template.elf[0m
[1;34mCreating build/Project_template.hex[0m
[1;34mCreating build/Project_template.bin[0m
[1;34mCreating build/Project_template.dmp[0m

   text	   data	    bss	    dec	    hex	filename
  48276	   2948	   6252	  57476	   e084	build/Project_template.elf
[1;34mCreating build/Project_template.list[0m

[1;34mDone[0m
13:17:40 **** Incremental Build of configuration Default for project Project_template ****
make all 
make: Nothing to be done for 'all'.
13:18:51 **** Incremental Build of configuration Default for project Project_template ****
make all 
[1;34mCompiling main.c[0m
[1;34mLinking build/Project_template.elf[0m
[1;34mCreating build/Project_template.hex[0m
[1;34mCreating build/Project_template.bin[0m
[1;34mCreating build/Project_template.dmp[0m

   text	   data	    bss	    dec	    hex	filename
  48276	   2948	   6252	  57476	   e084	build/Project_template.elf
[1;34mCreating build/Project_template.list[0m

[1;34mDone[0m
13:18:54 **** Incremental Build of configuration Default for project Project_template ****
make all 
make: Nothing to be done for 'all'.
13:21:24 **** Incremental Build of configuration Default for project Project_template ****
make all 
[1;34mCompiling main.c[0m
[1;34mLinking build/Project_template.elf[0m
[1;34mCreating build/Project_template.hex[0m
[1;34mCreating build/Project_template.bin[0m
[1;34mCreating build/Project_template.dmp[0m

   text	   data	    bss	    dec	    hex	filename
  48308	   2948	   6252	  57508	   e0a4	build/Project_template.elf
[1;34mCreating build/Project_template.list[0m

[1;34mDone[0m
13:21:28 **** Incremental Build of configuration Default for project Project_template ****
make all 
make: Nothing to be done for 'all'.
13:24:29 **** Incremental Build of configuration Default for project Project_template ****
make all 
[1;34mCompiling main.c[0m
[1;34mLinking build/Project_template.elf[0m
[1;34mCreating build/Project_template.hex[0m
[1;34mCreating build/Project_template.bin[0m
[1;34mCreating build/Project_template.dmp[0m

   text	   data	    bss	    dec	    hex	filename
  48340	   2948	   6252	  57540	   e0c4	build/Project_template.elf
[1;34mCreating build/Project_template.list[0m

[1;34mDone[0m
13:24:32 **** Incremental Build of configuration Default for project Project_template ****
make all 
make: Nothing to be done for 'all'.
13:26:56 **** Incremental Build of configuration Default for project Project_template ****
make all 
[1;34mCompiling main.c[0m
[1;34mLinking build/Project_template.elf[0m
[1;34mCreating build/Project_template.hex[0m
[1;34mCreating build/Project_template.bin[0m
[1;34mCreating build/Project_template.dmp[0m

   text	   data	    bss	    dec	    hex	filename
  48484	   2948	   6252	  57684	   e154	build/Project_template.elf
[1;34mCreating build/Project_template.list[0m

[1;34mDone[0m
13:26:59 **** Incremental Build of configuration Default for project Project_template ****
make all 
make: Nothing to be done for 'all'.
13:36:06 **** Incremental Build of configuration Default for project Project_template ****
make all 
[1;34mCompiling main.c[0m
main.c: In function 'main':
main.c:32:5: error: too few arguments to function 'proximity_start'
     proximity_start();
     ^~~~~~~~~~~~~~~
In file included from main.c:12:0:
../e-puck2_main-processor/src/sensors/proximity.h:36:6: note: declared here
 void proximity_start(uint8_t mode);
      ^~~~~~~~~~~~~~~
make: *** [../e-puck2_main-processor/ChibiOS//os/common/ports/ARMCMx/compilers/GCC/rules.mk:217: build/obj/main.o] Error 1
"make all" terminated with exit code 2. Build might be incomplete.
13:36:36 **** Incremental Build of configuration Default for project Project_template ****
make all 
[1;34mCompiling main.c[0m
[1;34mLinking build/Project_template.elf[0m
[1;34mCreating build/Project_template.hex[0m
[1;34mCreating build/Project_template.bin[0m
[1;34mCreating build/Project_template.dmp[0m

   text	   data	    bss	    dec	    hex	filename
  60276	   3068	  16804	  80148	  13914	build/Project_template.elf
[1;34mCreating build/Project_template.list[0m

[1;34mDone[0m
13:36:39 **** Incremental Build of configuration Default for project Project_template ****
make all 
make: Nothing to be done for 'all'.
13:43:25 **** Incremental Build of configuration Default for project Project_template ****
make all 
[1;34mCompiling main.c[0m
main.c: In function 'main':
main.c:58:9: warning: implicit declaration of function 'delay' [-Wimplicit-function-declaration]
         delay(1000);
         ^~~~~
main.c:48:5: warning: 'motor_left' is used uninitialized in this function [-Wuninitialized]
     left_motor_set_speed(motor_left);
     ^~~~~~~~~~~~~~~~~~~~~~~~~~~~~~~~
main.c:49:5: warning: 'motor_right' is used uninitialized in this function [-Wuninitialized]
     right_motor_set_speed(motor_right);
     ^~~~~~~~~~~~~~~~~~~~~~~~~~~~~~~~~~
[1;34mLinking build/Project_template.elf[0m
build/obj/main.o: In function `main':
/home/acse-lab/Documents/TeamK/Project_template//main.c:58: undefined reference to `delay'
collect2: error: ld returned 1 exit status
make: *** [../e-puck2_main-processor/ChibiOS//os/common/ports/ARMCMx/compilers/GCC/rules.mk:244: build/Project_template.elf] Error 1
"make all" terminated with exit code 2. Build might be incomplete.
13:44:05 **** Incremental Build of configuration Default for project Project_template ****
make all 
[1;34mCompiling main.c[0m
main.c: In function 'main':
main.c:48:5: warning: 'motor_left' is used uninitialized in this function [-Wuninitialized]
     left_motor_set_speed(motor_left);
     ^~~~~~~~~~~~~~~~~~~~~~~~~~~~~~~~
main.c:49:5: warning: 'motor_right' is used uninitialized in this function [-Wuninitialized]
     right_motor_set_speed(motor_right);
     ^~~~~~~~~~~~~~~~~~~~~~~~~~~~~~~~~~
[1;34mLinking build/Project_template.elf[0m
[1;34mCreating build/Project_template.hex[0m
[1;34mCreating build/Project_template.bin[0m
[1;34mCreating build/Project_template.dmp[0m

   text	   data	    bss	    dec	    hex	filename
  62084	   3068	  16868	  82020	  14064	build/Project_template.elf
[1;34mCreating build/Project_template.list[0m

[1;34mDone[0m
13:44:12 **** Incremental Build of configuration Default for project Project_template ****
make all 
make: Nothing to be done for 'all'.
13:44:16 **** Incremental Build of configuration Default for project Project_template ****
make all 
make: Nothing to be done for 'all'.
13:47:58 **** Incremental Build of configuration Default for project Project_template ****
make all 
[1;34mCompiling main.c[0m
main.c: In function 'main':
main.c:61:9: error: expected ';' before 'motor_right'
         motor_right = 1000;
         ^~~~~~~~~~~
make: *** [../e-puck2_main-processor/ChibiOS//os/common/ports/ARMCMx/compilers/GCC/rules.mk:217: build/obj/main.o] Error 1
"make all" terminated with exit code 2. Build might be incomplete.
13:48:08 **** Incremental Build of configuration Default for project Project_template ****
make all 
[1;34mCompiling main.c[0m
main.c: In function 'main':
main.c:48:5: warning: 'motor_left' is used uninitialized in this function [-Wuninitialized]
     left_motor_set_speed(motor_left);
     ^~~~~~~~~~~~~~~~~~~~~~~~~~~~~~~~
main.c:49:5: warning: 'motor_right' is used uninitialized in this function [-Wuninitialized]
     right_motor_set_speed(motor_right);
     ^~~~~~~~~~~~~~~~~~~~~~~~~~~~~~~~~~
[1;34mLinking build/Project_template.elf[0m
[1;34mCreating build/Project_template.hex[0m
[1;34mCreating build/Project_template.bin[0m
[1;34mCreating build/Project_template.dmp[0m

   text	   data	    bss	    dec	    hex	filename
  62084	   3068	  16868	  82020	  14064	build/Project_template.elf
[1;34mCreating build/Project_template.list[0m

[1;34mDone[0m
13:48:13 **** Incremental Build of configuration Default for project Project_template ****
make all 
make: Nothing to be done for 'all'.
13:49:18 **** Incremental Build of configuration Default for project Project_template ****
make all 
[1;34mCompiling main.c[0m
main.c: In function 'main':
main.c:47:9: warning: unused variable 'motor_right' [-Wunused-variable]
     int motor_right;
         ^~~~~~~~~~~
main.c:46:9: warning: unused variable 'motor_left' [-Wunused-variable]
     int motor_left;
         ^~~~~~~~~~
[1;34mLinking build/Project_template.elf[0m
[1;34mCreating build/Project_template.hex[0m
[1;34mCreating build/Project_template.bin[0m
[1;34mCreating build/Project_template.dmp[0m

   text	   data	    bss	    dec	    hex	filename
  62084	   3068	  16868	  82020	  14064	build/Project_template.elf
[1;34mCreating build/Project_template.list[0m

[1;34mDone[0m
13:49:25 **** Incremental Build of configuration Default for project Project_template ****
make all 
make: Nothing to be done for 'all'.
13:51:58 **** Incremental Build of configuration Default for project Project_template ****
make all 
[1;34mCompiling main.c[0m
main.c: In function 'main':
main.c:47:9: warning: unused variable 'motor_right' [-Wunused-variable]
     int motor_right;
         ^~~~~~~~~~~
main.c:46:9: warning: unused variable 'motor_left' [-Wunused-variable]
     int motor_left;
         ^~~~~~~~~~
[1;34mLinking build/Project_template.elf[0m
[1;34mCreating build/Project_template.hex[0m
[1;34mCreating build/Project_template.bin[0m
[1;34mCreating build/Project_template.dmp[0m

   text	   data	    bss	    dec	    hex	filename
  62084	   3068	  16868	  82020	  14064	build/Project_template.elf
[1;34mCreating build/Project_template.list[0m

[1;34mDone[0m
13:52:18 **** Incremental Build of configuration Default for project Project_template ****
make all 
make: Nothing to be done for 'all'.
13:52:58 **** Incremental Build of configuration Default for project Project_template ****
make all 
[1;34mCompiling main.c[0m
main.c: In function 'main':
main.c:47:9: warning: unused variable 'motor_right' [-Wunused-variable]
     int motor_right;
         ^~~~~~~~~~~
main.c:46:9: warning: unused variable 'motor_left' [-Wunused-variable]
     int motor_left;
         ^~~~~~~~~~
[1;34mLinking build/Project_template.elf[0m
[1;34mCreating build/Project_template.hex[0m
[1;34mCreating build/Project_template.bin[0m
[1;34mCreating build/Project_template.dmp[0m

   text	   data	    bss	    dec	    hex	filename
  62084	   3068	  16868	  82020	  14064	build/Project_template.elf
[1;34mCreating build/Project_template.list[0m

[1;34mDone[0m
13:53:03 **** Incremental Build of configuration Default for project Project_template ****
make all 
make: Nothing to be done for 'all'.
13:53:13 **** Incremental Build of configuration Default for project Project_template ****
make all 
make: Nothing to be done for 'all'.
13:53:20 **** Incremental Build of configuration Default for project Project_template ****
make all 
make: Nothing to be done for 'all'.
